<?xml version="1.0" encoding="UTF-8"?>
<!-- Generated by org.testng.reporters.JUnitXMLReporter -->
<testsuite ignored="1" hostname="Rahul" failures="0" tests="1" name="Default test" time="59.607" errors="0" timestamp="2024-08-23T14:58:38 IST">
  <testcase classname="testclasses.LoginPageTest" name="loginWithCorrectCreditial" time="3.951"/>
  <testcase classname="testclasses.LoginPageTest" name="checkPageTitle" time="0.0">
    <ignored/>
  </testcase> <!-- checkPageTitle -->
</testsuite> <!-- Default test -->
