<?xml version="1.0" encoding="UTF-8"?>
<testng-results ignored="0" total="1" passed="1" failed="0" skipped="0">
  <reporter-output>
  </reporter-output>
  <suite started-at="2024-08-23T14:57:38 IST" name="Default suite" finished-at="2024-08-23T14:58:38 IST" duration-ms="59607">
    <groups>
    </groups>
    <test started-at="2024-08-23T14:57:38 IST" name="Default test" finished-at="2024-08-23T14:58:38 IST" duration-ms="59607">
      <class name="testclasses.LoginPageTest">
        <test-method is-config="true" signature="setup()[pri:0, instance:testclasses.LoginPageTest@74235045]" started-at="2024-08-23T14:57:39 IST" name="setup" finished-at="2024-08-23T14:58:34 IST" duration-ms="55589" status="PASS">
          <reporter-output>
          </reporter-output>
        </test-method> <!-- setup -->
        <test-method signature="loginWithCorrectCreditial()[pri:0, instance:testclasses.LoginPageTest@74235045]" started-at="2024-08-23T14:58:34 IST" name="loginWithCorrectCreditial" finished-at="2024-08-23T14:58:38 IST" duration-ms="3951" status="PASS">
          <reporter-output>
          </reporter-output>
        </test-method> <!-- loginWithCorrectCreditial -->
        <test-method is-config="true" signature="teardown()[pri:0, instance:testclasses.LoginPageTest@74235045]" started-at="2024-08-23T14:58:38 IST" name="teardown" finished-at="2024-08-23T14:58:38 IST" duration-ms="1" status="PASS">
          <reporter-output>
          </reporter-output>
        </test-method> <!-- teardown -->
      </class> <!-- testclasses.LoginPageTest -->
    </test> <!-- Default test -->
  </suite> <!-- Default suite -->
</testng-results>
